<?xml version="1.0" encoding="UTF-8"?>
<!-- Generated by org.testng.reporters.JUnitReportReporter -->
<testsuite hostname="DESKTOP-4T7HNED" failures="0" tests="1" name="day3.LogsDemo" time="2.830" errors="0" timestamp="2023-12-05T13:29:44 IST" skipped="0">
  <testcase classname="day3.LogsDemo" name="testLogs" time="2.830"/>
</testsuite> <!-- day3.LogsDemo -->
