<?xml version="1.0" encoding="UTF-8"?>
<!-- Generated by org.testng.reporters.JUnitReportReporter -->
<testsuite hostname="DESKTOP-4T7HNED" failures="0" tests="1" name="day3.HeadersDemo$CookiesDemo" time="2.527" errors="0" timestamp="2023-12-05T12:56:21 IST" skipped="0">
  <testcase classname="day3.HeadersDemo$CookiesDemo" name="testHeaders" time="2.527"/>
</testsuite> <!-- day3.HeadersDemo$CookiesDemo -->
