<?xml version="1.0" encoding="UTF-8"?>
<!-- Generated by org.testng.reporters.JUnitReportReporter -->
<testsuite hostname="DESKTOP-4T7HNED" failures="0" tests="1" name="day3.HeadersDemo" time="2.310" errors="0" timestamp="2023-12-05T13:20:59 IST" skipped="0">
  <testcase classname="day3.HeadersDemo" name="getHeaders" time="2.310"/>
</testsuite> <!-- day3.HeadersDemo -->
