<?xml version="1.0" encoding="UTF-8"?>
<!-- Generated by org.testng.reporters.JUnitReportReporter -->
<testsuite hostname="DESKTOP-4T7HNED" failures="0" tests="1" name="day1.JsonSchemaValidator" time="3.608" errors="0" timestamp="2023-09-13T13:06:59 IST" skipped="0">
  <testcase classname="day1.JsonSchemaValidator" name="testget" time="3.608"/>
</testsuite> <!-- day1.JsonSchemaValidator -->
