<?xml version="1.0" encoding="UTF-8"?>
<!-- Generated by org.testng.reporters.JUnitReportReporter -->
<testsuite hostname="DESKTOP-4T7HNED" failures="0" tests="1" name="day1.HTTPMethods" time="3.994" errors="0" timestamp="2023-09-09T14:19:59 IST" skipped="0">
  <testcase classname="day1.HTTPMethods" name="test2" time="3.994"/>
</testsuite> <!-- day1.HTTPMethods -->
