<?xml version="1.0" encoding="UTF-8"?>
<!-- Generated by org.testng.reporters.JUnitReportReporter -->
<testsuite hostname="DESKTOP-4T7HNED" failures="0" tests="1" name="day1.GetAndPostExmples" time="0.018" errors="0" timestamp="2023-09-10T19:35:00 IST" skipped="0">
  <testcase classname="day1.GetAndPostExmples" name="testPost" time="0.018"/>
</testsuite> <!-- day1.GetAndPostExmples -->
