<?xml version="1.0" encoding="UTF-8"?>
<!-- Generated by org.testng.reporters.JUnitReportReporter -->
<testsuite hostname="DESKTOP-4T7HNED" failures="0" tests="1" name="day3.PathAndQueryParameters" time="4.241" errors="0" timestamp="2023-12-02T22:55:55 IST" skipped="0">
  <testcase classname="day3.PathAndQueryParameters" name="testQueryAndPathParameters" time="4.241"/>
</testsuite> <!-- day3.PathAndQueryParameters -->
