<?xml version="1.0" encoding="UTF-8"?>
<!-- Generated by org.testng.reporters.JUnitReportReporter -->
<testsuite hostname="DESKTOP-4T7HNED" failures="0" tests="1" name="day3.CookiesDemo" time="2.634" errors="0" timestamp="2023-12-05T12:43:53 IST" skipped="0">
  <testcase classname="day3.CookiesDemo" name="getCookiesInfo" time="2.634"/>
</testsuite> <!-- day3.CookiesDemo -->
